<?xml version="1.0" encoding="UTF-8"?>
<testsuite xmlns:xsi="http://www.w3.org/2001/XMLSchema-instance" xsi:noNamespaceSchemaLocation="https://maven.apache.org/surefire/maven-surefire-plugin/xsd/surefire-test-report.xsd" version="3.0.2" name="UserEditTest" time="2.602" tests="2" errors="0" skipped="0" failures="0">
  <properties>
[...]
</properties>
  <testcase name="editUserUnauthorized" classname="UserEditTest" time="0.364"/>
  <testcase name="editUserAuthorized" classname="UserEditTest" time="2.234"/>
</testsuite>